This is pdfTeX, Version 3.1415926-2.3-1.40.12 (TeX Live 2011) (format=pdflatex 2011.7.3)  8 SEP 2014 23:49
entering extended mode
 restricted \write18 enabled.
 %&-line parsing enabled.
**paper
(./paper.tex
LaTeX2e <2009/09/24>
Babel <v3.8l> and hyphenation patterns for english, dumylang, nohyphenation, ge
rman-x-2009-06-19, ngerman-x-2009-06-19, afrikaans, ancientgreek, ibycus, arabi
c, armenian, basque, bulgarian, catalan, pinyin, coptic, croatian, czech, danis
h, dutch, ukenglish, usenglishmax, esperanto, estonian, ethiopic, farsi, finnis
h, french, galician, german, ngerman, swissgerman, monogreek, greek, hungarian,
 icelandic, assamese, bengali, gujarati, hindi, kannada, malayalam, marathi, or
iya, panjabi, tamil, telugu, indonesian, interlingua, irish, italian, kurmanji,
 lao, latin, latvian, lithuanian, mongolian, mongolianlmc, bokmal, nynorsk, pol
ish, portuguese, romanian, russian, sanskrit, serbian, serbianc, slovak, sloven
ian, spanish, swedish, turkish, turkmen, ukrainian, uppersorbian, welsh, loaded
.
(./sig-alternate.cls
(/usr/local/texlive/2011/texmf-dist/tex/latex/graphics/epsfig.sty
Package: epsfig 1999/02/16 v1.7a (e)psfig emulation (SPQR)

(/usr/local/texlive/2011/texmf-dist/tex/latex/graphics/graphicx.sty
Package: graphicx 1999/02/16 v1.0f Enhanced LaTeX Graphics (DPC,SPQR)

(/usr/local/texlive/2011/texmf-dist/tex/latex/graphics/keyval.sty
Package: keyval 1999/03/16 v1.13 key=value parser (DPC)
\KV@toks@=\toks14
)
(/usr/local/texlive/2011/texmf-dist/tex/latex/graphics/graphics.sty
Package: graphics 2009/02/05 v1.0o Standard LaTeX Graphics (DPC,SPQR)

(/usr/local/texlive/2011/texmf-dist/tex/latex/graphics/trig.sty
Package: trig 1999/03/16 v1.09 sin cos tan (DPC)
)
(/usr/local/texlive/2011/texmf-dist/tex/latex/latexconfig/graphics.cfg
File: graphics.cfg 2010/04/23 v1.9 graphics configuration of TeX Live
)
Package graphics Info: Driver file: pdftex.def on input line 91.

(/usr/local/texlive/2011/texmf-dist/tex/latex/pdftex-def/pdftex.def
File: pdftex.def 2011/05/27 v0.06d Graphics/color for pdfTeX

(/usr/local/texlive/2011/texmf-dist/tex/generic/oberdiek/infwarerr.sty
Package: infwarerr 2010/04/08 v1.3 Providing info/warning/message (HO)
)
(/usr/local/texlive/2011/texmf-dist/tex/generic/oberdiek/ltxcmds.sty
Package: ltxcmds 2011/04/18 v1.20 LaTeX kernel commands for general use (HO)
)
\Gread@gobject=\count79
))
\Gin@req@height=\dimen102
\Gin@req@width=\dimen103
)
\epsfxsize=\dimen104
\epsfysize=\dimen105
)
(/usr/local/texlive/2011/texmf-dist/tex/latex/amsfonts/amssymb.sty
Package: amssymb 2009/06/22 v3.00

(/usr/local/texlive/2011/texmf-dist/tex/latex/amsfonts/amsfonts.sty
Package: amsfonts 2009/06/22 v3.00 Basic AMSFonts support
\@emptytoks=\toks15
\symAMSa=\mathgroup4
\symAMSb=\mathgroup5
LaTeX Font Info:    Overwriting math alphabet `\mathfrak' in version `bold'
(Font)                  U/euf/m/n --> U/euf/b/n on input line 96.
))
(/usr/local/texlive/2011/texmf-dist/tex/latex/amsmath/amsmath.sty
Package: amsmath 2000/07/18 v2.13 AMS math features
\@mathmargin=\skip41

For additional information on amsmath, use the `?' option.
(/usr/local/texlive/2011/texmf-dist/tex/latex/amsmath/amstext.sty
Package: amstext 2000/06/29 v2.01

(/usr/local/texlive/2011/texmf-dist/tex/latex/amsmath/amsgen.sty
File: amsgen.sty 1999/11/30 v2.0
\@emptytoks=\toks16
\ex@=\dimen106
))
(/usr/local/texlive/2011/texmf-dist/tex/latex/amsmath/amsbsy.sty
Package: amsbsy 1999/11/29 v1.2d
\pmbraise@=\dimen107
)
(/usr/local/texlive/2011/texmf-dist/tex/latex/amsmath/amsopn.sty
Package: amsopn 1999/12/14 v2.01 operator names
)
\inf@bad=\count80
LaTeX Info: Redefining \frac on input line 211.
\uproot@=\count81
\leftroot@=\count82
LaTeX Info: Redefining \overline on input line 307.
\classnum@=\count83
\DOTSCASE@=\count84
LaTeX Info: Redefining \ldots on input line 379.
LaTeX Info: Redefining \dots on input line 382.
LaTeX Info: Redefining \cdots on input line 467.
\Mathstrutbox@=\box26
\strutbox@=\box27
\big@size=\dimen108
LaTeX Font Info:    Redeclaring font encoding OML on input line 567.
LaTeX Font Info:    Redeclaring font encoding OMS on input line 568.
\macc@depth=\count85
\c@MaxMatrixCols=\count86
\dotsspace@=\muskip10
\c@parentequation=\count87
\dspbrk@lvl=\count88
\tag@help=\toks17
\row@=\count89
\column@=\count90
\maxfields@=\count91
\andhelp@=\toks18
\eqnshift@=\dimen109
\alignsep@=\dimen110
\tagshift@=\dimen111
\tagwidth@=\dimen112
\totwidth@=\dimen113
\lineht@=\dimen114
\@envbody=\toks19
\multlinegap=\skip42
\multlinetaggap=\skip43
\mathdisplay@stack=\toks20
LaTeX Info: Redefining \[ on input line 2666.
LaTeX Info: Redefining \] on input line 2667.
)
Document Class 'sig-alternate' <23rd. May '12>. Modified by G.K.M. Tobin/Gerry 
Murray
Based in part upon document Style `acmconf' <22 May 89>. Hacked 4/91 by
shivers@cs.cmu.edu, 4/93 by theobald@cs.mcgill.ca
Excerpts were taken from (Journal Style) 'esub2acm.cls'.
****** Bugs/comments/suggestions/technicalities to Gerry Murray -- murray@hq.ac
m.org ******
Questions on the style, SIGS policies, etc. to Adrienne Griscti griscti@acm.org

\footheight=\dimen115
\@maxsep=\dimen116
\@dblmaxsep=\dimen117
\aucount=\count92
\originalaucount=\count93
\auwidth=\dimen118
\auskip=\dimen119
\auskipcount=\count94
\auskip=\dimen120
\allauboxes=\dimen121
\addauthors=\toks21
\addauflag=\count95
\subtitletext=\toks22
\savesection=\count96
\sectioncntr=\count97
\c@figure=\count98
\c@table=\count99
\titleboxnotes=\toks23
\titleboxnoteflag=\count100
Document Class: sig-alternate 2012/05/23 - V2.5 - based on acmproc.cls V1.3 <No
v. 30 '99>
(/usr/local/texlive/2011/texmf-dist/tex/latex/base/latexsym.sty
Package: latexsym 1998/08/17 v2.2e Standard LaTeX package (lasy symbols)
\symlasy=\mathgroup6
LaTeX Font Info:    Overwriting symbol font `lasy' in version `bold'
(Font)                  U/lasy/m/n --> U/lasy/b/n on input line 47.
)
\@acmtitlebox=\box28
\titlenotecount=\count101
\tntoks=\toks24
\tntokstwo=\toks25
\tntoksthree=\toks26
\tntoksfour=\toks27
\tntoksfive=\toks28
\catcount=\count102
\copyrightnotice=\toks29
\conf=\toks30
\confinfo=\toks31
\c@part=\count103
\c@section=\count104
\c@subsection=\count105
\c@subsubsection=\count106
\c@paragraph=\count107

Using 'Abbrev' bibliography style
LaTeX Info: Redefining \cite on input line 1211.
\bibindent=\dimen122
\colcntr=\count108
\saveb@x=\box29
\copyrtyr=\toks32
\acmcopyr=\toks33
\boilerplate=\toks34
\copyrightetc=\toks35
(/usr/local/texlive/2011/texmf-dist/tex/latex/base/fontenc.sty
Package: fontenc 2005/09/27 v1.99g Standard LaTeX package

(/usr/local/texlive/2011/texmf-dist/tex/latex/base/t1enc.def
File: t1enc.def 2005/09/27 v1.99g Standard LaTeX file
LaTeX Font Info:    Redeclaring font encoding T1 on input line 43.
)
LaTeX Font Info:    Try loading font information for T1+aer on input line 100.

(/usr/local/texlive/2011/texmf-dist/tex/latex/ae/t1aer.fd
File: t1aer.fd 1997/11/16 Font definitions for T1/aer.
)))
(/usr/local/texlive/2011/texmf-dist/tex/latex/psnfss/times.sty
Package: times 2005/04/12 PSNFSS-v9.2a (SPQR) 
)
(/usr/local/texlive/2011/texmf-dist/tex/latex/float/float.sty
Package: float 2001/11/08 v1.3d Float enhancements (AL)
\c@float@type=\count109
\float@exts=\toks36
\float@box=\box30
\@float@everytoks=\toks37
\@floatcapt=\box31
)
(/usr/local/texlive/2011/texmf-dist/tex/latex/tools/verbatim.sty
Package: verbatim 2003/08/22 v1.5q LaTeX2e package for verbatim enhancements
\every@verbatim=\toks38
\verbatim@line=\toks39
\verbatim@in@stream=\read1
)
(/usr/local/texlive/2011/texmf-dist/tex/latex/subfigure/subfigure.sty
Package: subfigure 2002/03/15 v2.1.5 subfigure package
\subfigtopskip=\skip44
\subfigcapskip=\skip45
\subfigcaptopadj=\dimen123
\subfigbottomskip=\skip46
\subfigcapmargin=\dimen124
\subfiglabelskip=\skip47
\c@subfigure=\count110
\c@lofdepth=\count111
\c@subtable=\count112
\c@lotdepth=\count113

****************************************
* Local config file subfigure.cfg used *
****************************************
(/usr/local/texlive/2011/texmf-dist/tex/latex/subfigure/subfigure.cfg)
\subfig@top=\skip48
\subfig@bottom=\skip49
)
(/usr/local/texlive/2011/texmf-dist/tex/latex/url/url.sty
\Urlmuskip=\muskip11
Package: url 2006/04/12  ver 3.3  Verb mode for urls, etc.
)
(/usr/local/texlive/2011/texmf-dist/tex/latex/multirow/multirow.sty
\bigstrutjot=\dimen125
)
(/usr/local/texlive/2011/texmf-dist/tex/latex/misc209/psboxit.sty
\gray@box=\box32
\gray@space=\dimen126
)
(/usr/local/texlive/2011/texmf-dist/tex/latex/base/textcomp.sty
Package: textcomp 2005/09/27 v1.99g Standard LaTeX package
Package textcomp Info: Sub-encoding information:
(textcomp)               5 = only ISO-Adobe without \textcurrency
(textcomp)               4 = 5 + \texteuro
(textcomp)               3 = 4 + \textohm
(textcomp)               2 = 3 + \textestimated + \textcurrency
(textcomp)               1 = TS1 - \textcircled - \t
(textcomp)               0 = TS1 (full)
(textcomp)             Font families with sub-encoding setting implement
(textcomp)             only a restricted character set as indicated.
(textcomp)             Family '?' is the default used for unknown fonts.
(textcomp)             See the documentation for details.
Package textcomp Info: Setting ? sub-encoding to TS1/1 on input line 71.

(/usr/local/texlive/2011/texmf-dist/tex/latex/base/ts1enc.def
File: ts1enc.def 2001/06/05 v3.0e (jk/car/fm) Standard LaTeX file
)
LaTeX Info: Redefining \oldstylenums on input line 266.
Package textcomp Info: Setting cmr sub-encoding to TS1/0 on input line 281.
Package textcomp Info: Setting cmss sub-encoding to TS1/0 on input line 282.
Package textcomp Info: Setting cmtt sub-encoding to TS1/0 on input line 283.
Package textcomp Info: Setting cmvtt sub-encoding to TS1/0 on input line 284.
Package textcomp Info: Setting cmbr sub-encoding to TS1/0 on input line 285.
Package textcomp Info: Setting cmtl sub-encoding to TS1/0 on input line 286.
Package textcomp Info: Setting ccr sub-encoding to TS1/0 on input line 287.
Package textcomp Info: Setting ptm sub-encoding to TS1/4 on input line 288.
Package textcomp Info: Setting pcr sub-encoding to TS1/4 on input line 289.
Package textcomp Info: Setting phv sub-encoding to TS1/4 on input line 290.
Package textcomp Info: Setting ppl sub-encoding to TS1/3 on input line 291.
Package textcomp Info: Setting pag sub-encoding to TS1/4 on input line 292.
Package textcomp Info: Setting pbk sub-encoding to TS1/4 on input line 293.
Package textcomp Info: Setting pnc sub-encoding to TS1/4 on input line 294.
Package textcomp Info: Setting pzc sub-encoding to TS1/4 on input line 295.
Package textcomp Info: Setting bch sub-encoding to TS1/4 on input line 296.
Package textcomp Info: Setting put sub-encoding to TS1/5 on input line 297.
Package textcomp Info: Setting uag sub-encoding to TS1/5 on input line 298.
Package textcomp Info: Setting ugq sub-encoding to TS1/5 on input line 299.
Package textcomp Info: Setting ul8 sub-encoding to TS1/4 on input line 300.
Package textcomp Info: Setting ul9 sub-encoding to TS1/4 on input line 301.
Package textcomp Info: Setting augie sub-encoding to TS1/5 on input line 302.
Package textcomp Info: Setting dayrom sub-encoding to TS1/3 on input line 303.
Package textcomp Info: Setting dayroms sub-encoding to TS1/3 on input line 304.

Package textcomp Info: Setting pxr sub-encoding to TS1/0 on input line 305.
Package textcomp Info: Setting pxss sub-encoding to TS1/0 on input line 306.
Package textcomp Info: Setting pxtt sub-encoding to TS1/0 on input line 307.
Package textcomp Info: Setting txr sub-encoding to TS1/0 on input line 308.
Package textcomp Info: Setting txss sub-encoding to TS1/0 on input line 309.
Package textcomp Info: Setting txtt sub-encoding to TS1/0 on input line 310.
Package textcomp Info: Setting futs sub-encoding to TS1/4 on input line 311.
Package textcomp Info: Setting futx sub-encoding to TS1/4 on input line 312.
Package textcomp Info: Setting futj sub-encoding to TS1/4 on input line 313.
Package textcomp Info: Setting hlh sub-encoding to TS1/3 on input line 314.
Package textcomp Info: Setting hls sub-encoding to TS1/3 on input line 315.
Package textcomp Info: Setting hlst sub-encoding to TS1/3 on input line 316.
Package textcomp Info: Setting hlct sub-encoding to TS1/5 on input line 317.
Package textcomp Info: Setting hlx sub-encoding to TS1/5 on input line 318.
Package textcomp Info: Setting hlce sub-encoding to TS1/5 on input line 319.
Package textcomp Info: Setting hlcn sub-encoding to TS1/5 on input line 320.
Package textcomp Info: Setting hlcw sub-encoding to TS1/5 on input line 321.
Package textcomp Info: Setting hlcf sub-encoding to TS1/5 on input line 322.
Package textcomp Info: Setting pplx sub-encoding to TS1/3 on input line 323.
Package textcomp Info: Setting pplj sub-encoding to TS1/3 on input line 324.
Package textcomp Info: Setting ptmx sub-encoding to TS1/4 on input line 325.
Package textcomp Info: Setting ptmj sub-encoding to TS1/4 on input line 326.
)
(/usr/local/texlive/2011/texmf-dist/tex/latex/tools/xspace.sty
Package: xspace 2006/05/08 v1.12 Space after command names (DPC,MH)
)
(/usr/local/texlive/2011/texmf-dist/tex/latex/psnfss/pifont.sty
Package: pifont 2005/04/12 PSNFSS-v9.2a Pi font support (SPQR) 
LaTeX Font Info:    Try loading font information for U+pzd on input line 63.

(/usr/local/texlive/2011/texmf-dist/tex/latex/psnfss/upzd.fd
File: upzd.fd 2001/06/04 font definitions for U/pzd.
)
LaTeX Font Info:    Try loading font information for U+psy on input line 64.

(/usr/local/texlive/2011/texmf-dist/tex/latex/psnfss/upsy.fd
File: upsy.fd 2001/06/04 font definitions for U/psy.
))
(/usr/local/texlive/2011/texmf-dist/tex/latex/listings/listings.sty
\lst@mode=\count114
\lst@gtempboxa=\box33
\lst@token=\toks40
\lst@length=\count115
\lst@currlwidth=\dimen127
\lst@column=\count116
\lst@pos=\count117
\lst@lostspace=\dimen128
\lst@width=\dimen129
\lst@newlines=\count118
\lst@lineno=\count119
\abovecaptionskip=\skip50
\belowcaptionskip=\skip51
\lst@maxwidth=\dimen130

(/usr/local/texlive/2011/texmf-dist/tex/latex/listings/lstmisc.sty
File: lstmisc.sty 2007/02/22 1.4 (Carsten Heinz)
\c@lstnumber=\count120
\lst@skipnumbers=\count121
\lst@framebox=\box34
)
(/usr/local/texlive/2011/texmf-dist/tex/latex/listings/listings.cfg
File: listings.cfg 2007/02/22 1.4 listings configuration
))
Package: listings 2007/02/22 1.4 (Carsten Heinz)
\c@defcount=\count122
\c@lemcount=\count123
\c@ccc=\count124

(./paper.aux)
\openout1 = `paper.aux'.

LaTeX Font Info:    Checking defaults for OML/cmm/m/it on input line 95.
LaTeX Font Info:    ... okay on input line 95.
LaTeX Font Info:    Checking defaults for T1/cmr/m/n on input line 95.
LaTeX Font Info:    ... okay on input line 95.
LaTeX Font Info:    Checking defaults for OT1/cmr/m/n on input line 95.
LaTeX Font Info:    ... okay on input line 95.
LaTeX Font Info:    Checking defaults for OMS/cmsy/m/n on input line 95.
LaTeX Font Info:    ... okay on input line 95.
LaTeX Font Info:    Checking defaults for OMX/cmex/m/n on input line 95.
LaTeX Font Info:    ... okay on input line 95.
LaTeX Font Info:    Checking defaults for U/cmr/m/n on input line 95.
LaTeX Font Info:    ... okay on input line 95.
LaTeX Font Info:    Checking defaults for TS1/cmr/m/n on input line 95.
LaTeX Font Info:    Try loading font information for TS1+cmr on input line 95.
 (/usr/local/texlive/2011/texmf-dist/tex/latex/base/ts1cmr.fd
File: ts1cmr.fd 1999/05/25 v2.5h Standard LaTeX font definitions
)
LaTeX Font Info:    ... okay on input line 95.
LaTeX Font Info:    Try loading font information for T1+ptm on input line 95.

(/usr/local/texlive/2011/texmf-dist/tex/latex/psnfss/t1ptm.fd
File: t1ptm.fd 2001/06/04 font definitions for T1/ptm.
)
(/usr/local/texlive/2011/texmf-dist/tex/context/base/supp-pdf.mkii
[Loading MPS to PDF converter (version 2006.09.02).]
\scratchcounter=\count125
\scratchdimen=\dimen131
\scratchbox=\box35
\nofMPsegments=\count126
\nofMParguments=\count127
\everyMPshowfont=\toks41
\MPscratchCnt=\count128
\MPscratchDim=\dimen132
\MPnumerator=\count129
\makeMPintoPDFobject=\count130
\everyMPtoPDFconversion=\toks42
) (/usr/local/texlive/2011/texmf-dist/tex/generic/oberdiek/pdftexcmds.sty
Package: pdftexcmds 2011/04/22 v0.16 Utilities of pdfTeX for LuaTeX (HO)

(/usr/local/texlive/2011/texmf-dist/tex/generic/oberdiek/ifluatex.sty
Package: ifluatex 2010/03/01 v1.3 Provides the ifluatex switch (HO)
Package ifluatex Info: LuaTeX not detected.
)
(/usr/local/texlive/2011/texmf-dist/tex/generic/oberdiek/ifpdf.sty
Package: ifpdf 2011/01/30 v2.3 Provides the ifpdf switch (HO)
Package ifpdf Info: pdfTeX in PDF mode is detected.
)
Package pdftexcmds Info: LuaTeX not detected.
Package pdftexcmds Info: \pdf@primitive is available.
Package pdftexcmds Info: \pdf@ifprimitive is available.
Package pdftexcmds Info: \pdfdraftmode found.
)
(/usr/local/texlive/2011/texmf-dist/tex/latex/oberdiek/epstopdf-base.sty
Package: epstopdf-base 2010/02/09 v2.5 Base part for package epstopdf

(/usr/local/texlive/2011/texmf-dist/tex/latex/oberdiek/grfext.sty
Package: grfext 2010/08/19 v1.1 Managing graphics extensions (HO)

(/usr/local/texlive/2011/texmf-dist/tex/generic/oberdiek/kvdefinekeys.sty
Package: kvdefinekeys 2011/04/07 v1.3 Defining keys (HO)
))
(/usr/local/texlive/2011/texmf-dist/tex/latex/oberdiek/kvoptions.sty
Package: kvoptions 2010/12/23 v3.10 Keyval support for LaTeX options (HO)

(/usr/local/texlive/2011/texmf-dist/tex/generic/oberdiek/kvsetkeys.sty
Package: kvsetkeys 2011/04/07 v1.13 Key value parser (HO)

(/usr/local/texlive/2011/texmf-dist/tex/generic/oberdiek/etexcmds.sty
Package: etexcmds 2011/02/16 v1.5 Prefix for e-TeX command names (HO)
Package etexcmds Info: Could not find \expanded.
(etexcmds)             That can mean that you are not using pdfTeX 1.50 or
(etexcmds)             that some package has redefined \expanded.
(etexcmds)             In the latter case, load this package earlier.
)))
Package grfext Info: Graphics extension search list:
(grfext)             [.png,.pdf,.jpg,.mps,.jpeg,.jbig2,.jb2,.PNG,.PDF,.JPG,.JPE
G,.JBIG2,.JB2,.eps]
(grfext)             \AppendGraphicsExtensions on input line 452.

(/usr/local/texlive/2011/texmf-dist/tex/latex/latexconfig/epstopdf-sys.cfg
File: epstopdf-sys.cfg 2010/07/13 v1.3 Configuration of (r)epstopdf for TeX Liv
e
))
\c@lstlisting=\count131
LaTeX Font Info:    Try loading font information for U+msa on input line 118.

(/usr/local/texlive/2011/texmf-dist/tex/latex/amsfonts/umsa.fd
File: umsa.fd 2009/06/22 v3.00 AMS symbols A
)
LaTeX Font Info:    Try loading font information for U+msb on input line 118.

(/usr/local/texlive/2011/texmf-dist/tex/latex/amsfonts/umsb.fd
File: umsb.fd 2009/06/22 v3.00 AMS symbols B
)
LaTeX Font Info:    Try loading font information for U+lasy on input line 118.

(/usr/local/texlive/2011/texmf-dist/tex/latex/base/ulasy.fd
File: ulasy.fd 1998/08/17 v2.2e LaTeX symbol font definitions
) (./abstract.tex)
(./secIntro.tex
LaTeX Font Info:    Font shape `T1/ptm/bx/n' in size <9> not available
(Font)              Font shape `T1/ptm/b/n' tried instead on input line 5.
Package epstopdf Info: Source file: <map_demand_and_slots.eps>
(epstopdf)                    date: 2014-08-19 23:11:37
(epstopdf)                    size: 162487 bytes
(epstopdf)             Output file: <map_demand_and_slots-eps-converted-to.pdf>

(epstopdf)                    date: 2014-08-19 23:12:29
(epstopdf)                    size: 39870 bytes
(epstopdf)             Command: <repstopdf --outfile=map_demand_and_slots-eps-c
onverted-to.pdf map_demand_and_slots.eps>
(epstopdf)             \includegraphics on input line 29.
Package epstopdf Info: Output file is already uptodate.

<map_demand_and_slots-eps-converted-to.pdf, id=1, 400.49625pt x 325.215pt>
File: map_demand_and_slots-eps-converted-to.pdf Graphic file (type pdf)

<use map_demand_and_slots-eps-converted-to.pdf>
Package pdftex.def Info: map_demand_and_slots-eps-converted-to.pdf used on inpu
t line 29.
(pdftex.def)             Requested size: 151.20154pt x 122.77907pt.
Package epstopdf Info: Source file: <reduce_demand_and_slots.eps>
(epstopdf)                    date: 2014-08-19 23:11:39
(epstopdf)                    size: 162249 bytes
(epstopdf)             Output file: <reduce_demand_and_slots-eps-converted-to.p
df>
(epstopdf)                    date: 2014-08-19 23:12:30
(epstopdf)                    size: 39517 bytes
(epstopdf)             Command: <repstopdf --outfile=reduce_demand_and_slots-ep
s-converted-to.pdf reduce_demand_and_slots.eps>
(epstopdf)             \includegraphics on input line 30.
Package epstopdf Info: Output file is already uptodate.

<reduce_demand_and_slots-eps-converted-to.pdf, id=2, 400.49625pt x 325.215pt>
File: reduce_demand_and_slots-eps-converted-to.pdf Graphic file (type pdf)

<use reduce_demand_and_slots-eps-converted-to.pdf>
Package pdftex.def Info: reduce_demand_and_slots-eps-converted-to.pdf used on i
nput line 30.
(pdftex.def)             Requested size: 151.20154pt x 122.77907pt.
Package epstopdf Info: Source file: <demand_and_running.eps>
(epstopdf)                    date: 2014-08-19 19:49:33
(epstopdf)                    size: 116726 bytes
(epstopdf)             Output file: <demand_and_running-eps-converted-to.pdf>
(epstopdf)                    date: 2014-08-19 19:50:02
(epstopdf)                    size: 33364 bytes
(epstopdf)             Command: <repstopdf --outfile=demand_and_running-eps-con
verted-to.pdf demand_and_running.eps>
(epstopdf)             \includegraphics on input line 31.
Package epstopdf Info: Output file is already uptodate.

<demand_and_running-eps-converted-to.pdf, id=3, 400.49625pt x 325.215pt>
File: demand_and_running-eps-converted-to.pdf Graphic file (type pdf)

<use demand_and_running-eps-converted-to.pdf>
Package pdftex.def Info: demand_and_running-eps-converted-to.pdf used on input 
line 31.
(pdftex.def)             Requested size: 151.20154pt x 122.77907pt.

Underfull \vbox (badness 10000) has occurred while \output is active []

 [1{/usr/local/texlive/2011/texmf-var/fonts/map/pdftex/updmap/pdftex.map}


Non-PDF special ignored!

])
Overfull \hbox (4.40993pt too wide) in paragraph at lines 67--123
\T1/ptm/m/n/9 that op-er-a-tors of multi-tenant clus-ters face. Sec-tion 3[] pr
esents Colos-
 []

(./secChallenges.tex
Overfull \hbox (16.03981pt too wide) in paragraph at lines 4--4
[]\secfnt OPERATIONAL CHAL-LENGES IN MULTI-
 []


Overfull \hbox (5.52693pt too wide) in paragraph at lines 4--4
\secfnt TENANT CLUS-TERS FOR BIG DATA AN-
 []


Overfull \hbox (1.13428pt too wide) in paragraph at lines 7--13
[]\T1/ptm/m/n/9 Managed by a small clus-ter op-er-a-tions team, Rocket Fuel's m
ulti-
 []


Overfull \hbox (4.44598pt too wide) in paragraph at lines 39--53
\T1/ptm/m/n/9 to max-i-mize clus-ter per-for-mance while meet-ing the busi-ness
 service-
 []


Overfull \hbox (1.79123pt too wide) in paragraph at lines 54--66
\T1/ptm/m/n/9 com-pared to man-ag-ing multi-tenancy in tra-di-tional par-al-lel
 database
 []

[2 <./map_demand_and_slots-eps-converted-to.pdf> <./reduce_demand_and_slots-eps
-converted-to.pdf> <./demand_and_running-eps-converted-to.pdf>]
Package epstopdf Info: Source file: <eff_util.eps>
(epstopdf)                    date: 2014-08-18 03:14:47
(epstopdf)                    size: 140354 bytes
(epstopdf)             Output file: <eff_util-eps-converted-to.pdf>
(epstopdf)                    date: 2014-08-18 03:14:50
(epstopdf)                    size: 39158 bytes
(epstopdf)             Command: <repstopdf --outfile=eff_util-eps-converted-to.
pdf eff_util.eps>
(epstopdf)             \includegraphics on input line 135.
Package epstopdf Info: Output file is already uptodate.

<eff_util-eps-converted-to.pdf, id=36, 346.29375pt x 296.10625pt>
File: eff_util-eps-converted-to.pdf Graphic file (type pdf)

<use eff_util-eps-converted-to.pdf>
Package pdftex.def Info: eff_util-eps-converted-to.pdf used on input line 135.
(pdftex.def)             Requested size: 173.14644pt x 148.05275pt.
Package epstopdf Info: Source file: <analyst_demand.eps>
(epstopdf)                    date: 2014-08-18 03:14:47
(epstopdf)                    size: 256704 bytes
(epstopdf)             Output file: <analyst_demand-eps-converted-to.pdf>
(epstopdf)                    date: 2014-08-18 03:14:50
(epstopdf)                    size: 83175 bytes
(epstopdf)             Command: <repstopdf --outfile=analyst_demand-eps-convert
ed-to.pdf analyst_demand.eps>
(epstopdf)             \includegraphics on input line 189.
Package epstopdf Info: Output file is already uptodate.

<analyst_demand-eps-converted-to.pdf, id=37, 346.29375pt x 296.10625pt>
File: analyst_demand-eps-converted-to.pdf Graphic file (type pdf)

<use analyst_demand-eps-converted-to.pdf>
Package pdftex.def Info: analyst_demand-eps-converted-to.pdf used on input line
 189.
(pdftex.def)             Requested size: 173.14644pt x 148.05275pt.
Package epstopdf Info: Source file: <CIDR2.eps>
(epstopdf)                    date: 2014-08-20 00:34:53
(epstopdf)                    size: 6130107 bytes
(epstopdf)             Output file: <CIDR2-eps-converted-to.pdf>
(epstopdf)                    date: 2014-08-20 00:35:05
(epstopdf)                    size: 205144 bytes
(epstopdf)             Command: <repstopdf --outfile=CIDR2-eps-converted-to.pdf
 CIDR2.eps>
(epstopdf)             \includegraphics on input line 216.
Package epstopdf Info: Output file is already uptodate.

<CIDR2-eps-converted-to.pdf, id=38, 931.48pt x 1090.0725pt>
File: CIDR2-eps-converted-to.pdf Graphic file (type pdf)

<use CIDR2-eps-converted-to.pdf>
Package pdftex.def Info: CIDR2-eps-converted-to.pdf used on input line 216.
(pdftex.def)             Requested size: 226.80038pt x 325.21126pt.
 [3 <./eff_util-eps-converted-to.pdf> <./analyst_demand-eps-converted-to.pdf> <
./CIDR2-eps-converted-to.pdf>]
Overfull \hbox (2.5121pt too wide) in paragraph at lines 290--298
\T1/ptm/m/n/9 namely, re-gard-ing the im-pact of pre-emp-tions done by the Fair
 sched-
 []

Package epstopdf Info: Source file: <long_running_reduces.eps>
(epstopdf)                    date: 2014-08-18 03:14:47
(epstopdf)                    size: 83289 bytes
(epstopdf)             Output file: <long_running_reduces-eps-converted-to.pdf>

(epstopdf)                    date: 2014-08-18 03:17:34
(epstopdf)                    size: 26884 bytes
(epstopdf)             Command: <repstopdf --outfile=long_running_reduces-eps-c
onverted-to.pdf long_running_reduces.eps>
(epstopdf)             \includegraphics on input line 324.
Package epstopdf Info: Output file is already uptodate.
<long_running_reduces-eps-converted-to.pdf, id=57, 346.29375pt x 296.10625pt>
File: long_running_reduces-eps-converted-to.pdf Graphic file (type pdf)

<use long_running_reduces-eps-converted-to.pdf>
Package pdftex.def Info: long_running_reduces-eps-converted-to.pdf used on inpu
t line 324.
(pdftex.def)             Requested size: 173.14644pt x 148.05275pt.

Overfull \hbox (3.85037pt too wide) in paragraph at lines 331--331
[]\secfnt Tuning the Work-load in One or More Pools 
 []

[4 <./long_running_reduces-eps-converted-to.pdf>]) (./secColossal.tex
Overfull \hbox (4.60857pt too wide) in paragraph at lines 12--17
[]\T1/ptm/m/it/9 What-is ques-tions: \T1/ptm/m/n/9 These are ques-tions aimed a
t gain-ing a deeper
 []


Overfull \hbox (1.01816pt too wide) in paragraph at lines 43--50
\T1/ptm/m/n/9 traces of work-load ex-e-cu-tion. The main rea-son for gen-er-at-
ing work-
 []

Package epstopdf Info: Source file: <arch.eps>
(epstopdf)                    date: 2014-08-19 23:11:15
(epstopdf)                    size: 47794 bytes
(epstopdf)             Output file: <arch-eps-converted-to.pdf>
(epstopdf)                    date: 2014-08-19 23:12:30
(epstopdf)                    size: 20453 bytes
(epstopdf)             Command: <repstopdf --outfile=arch-eps-converted-to.pdf 
arch.eps>
(epstopdf)             \includegraphics on input line 170.
Package epstopdf Info: Output file is already uptodate.
<arch-eps-converted-to.pdf, id=66, 722.7pt x 407.5225pt>
File: arch-eps-converted-to.pdf Graphic file (type pdf)

<use arch-eps-converted-to.pdf>
Package pdftex.def Info: arch-eps-converted-to.pdf used on input line 170.
(pdftex.def)             Requested size: 216.81166pt x 122.25769pt.
 [5]) (./secFuture.tex
Overfull \hbox (4.98636pt too wide) in paragraph at lines 26--29
\T1/ptm/m/n/9 ex-per-i-men-tal eval-u-a-tion. Over-all, the pri-mary ad-van-tag
es that Colos-
 []

) (./paper.bbl) [6 <./arch-eps-converted-to.pdf>] (./paper.aux) ) 
Here is how much of TeX's memory you used:
 4948 strings out of 493633
 68448 string characters out of 3143378
 132023 words of memory out of 3000000
 8095 multiletter control sequences out of 15000+200000
 52313 words of font info for 69 fonts, out of 3000000 for 9000
 831 hyphenation exceptions out of 8191
 41i,10n,32p,578b,327s stack positions out of 5000i,500n,10000p,200000b,50000s
{/usr/local/te
xlive/2011/texmf-dist/fonts/enc/dvips/base/8r.enc}</usr/local/texlive/2011/texm
f-dist/fonts/type1/public/amsfonts/cm/cmmi6.pfb></usr/local/texlive/2011/texmf-
dist/fonts/type1/public/amsfonts/cm/cmmi9.pfb></usr/local/texlive/2011/texmf-di
st/fonts/type1/public/amsfonts/cm/cmr9.pfb></usr/local/texlive/2011/texmf-dist/
fonts/type1/public/amsfonts/cm/cmsy9.pfb></usr/local/texlive/2011/texmf-dist/fo
nts/type1/urw/helvetic/uhvb8a.pfb></usr/local/texlive/2011/texmf-dist/fonts/typ
e1/urw/helvetic/uhvr8a.pfb></usr/local/texlive/2011/texmf-dist/fonts/type1/urw/
times/utmb8a.pfb></usr/local/texlive/2011/texmf-dist/fonts/type1/urw/times/utmr
8a.pfb></usr/local/texlive/2011/texmf-dist/fonts/type1/urw/times/utmri8a.pfb>
Output written on paper.pdf (6 pages, 599815 bytes).
PDF statistics:
 113 PDF objects out of 1000 (max. 8388607)
 74 compressed objects within 1 object stream
 0 named destinations out of 1000 (max. 500000)
 41 words of extra memory for PDF output out of 10000 (max. 10000000)

